
**** Build of configuration Nios II for project SBQ_1 ****

make all 
Info: Building ../SBQ_1_bsp/
make --no-print-directory -C ../SBQ_1_bsp/
[BSP build complete]
Info: Compiling hello_world.c to obj/default/hello_world.o
nios2-elf-gcc -xc -MP -MMD -c -I../SBQ_1_bsp//HAL/inc -I../SBQ_1_bsp/ -I../SBQ_1_bsp//drivers/inc  -DSYSTEM_BUS_WIDTH=32 -pipe -D__hal__ -DALT_NO_INSTRUCTION_EMULATION -DALT_SINGLE_THREADED    -O0 -g -Wall   -EL -mno-hw-div -mhw-mul -mno-hw-mulx  -o obj/default/hello_world.o hello_world.c
In file included from hello_world.c:20:
lcd.h: In function 'draw_word':
lcd.h:109: error: 'word' undeclared (first use in this function)
lcd.h:109: error: (Each undeclared identifier is reported only once
lcd.h:109: error: for each function it appears in.)
hello_world.c:24: warning: 'main' is normally a non-static function
hello_world.c: In function 'main':
hello_world.c:35: warning: unused variable 'seg'
hello_world.c: In function 'draw_word':
hello_world.c:50: error: expected declaration or statement at end of input
lcd.h:106: warning: unused variable 'page'
make: *** [obj/default/hello_world.o] Error 1

**** Build Finished ****

**** Build of configuration Nios II for project SBQ_1 ****

make all 
Info: Building ../SBQ_1_bsp/
make --no-print-directory -C ../SBQ_1_bsp/
[BSP build complete]
Info: Compiling hello_world.c to obj/default/hello_world.o
nios2-elf-gcc -xc -MP -MMD -c -I../SBQ_1_bsp//HAL/inc -I../SBQ_1_bsp/ -I../SBQ_1_bsp//drivers/inc  -DSYSTEM_BUS_WIDTH=32 -pipe -D__hal__ -DALT_NO_INSTRUCTION_EMULATION -DALT_SINGLE_THREADED    -O0 -g -Wall   -EL -mno-hw-div -mhw-mul -mno-hw-mulx  -o obj/default/hello_world.o hello_world.c
In file included from hello_world.c:20:
lcd.h: In function 'draw_word':
lcd.h:109: error: 'word' undeclared (first use in this function)
lcd.h:109: error: (Each undeclared identifier is reported only once
lcd.h:109: error: for each function it appears in.)
hello_world.c:24: warning: 'main' is normally a non-static function
hello_world.c: In function 'main':
hello_world.c:35: warning: unused variable 'seg'
hello_world.c: In function 'draw_word':
hello_world.c:50: error: expected declaration or statement at end of input
lcd.h:106: warning: unused variable 'page'
make: *** [obj/default/hello_world.o] Error 1

**** Build Finished ****

**** Build of configuration Nios II for project SBQ_1 ****

make all 
Info: Building ../SBQ_1_bsp/
make --no-print-directory -C ../SBQ_1_bsp/
[BSP build complete]
Info: Compiling hello_world.c to obj/default/hello_world.o
nios2-elf-gcc -xc -MP -MMD -c -I../SBQ_1_bsp//HAL/inc -I../SBQ_1_bsp/ -I../SBQ_1_bsp//drivers/inc  -DSYSTEM_BUS_WIDTH=32 -pipe -D__hal__ -DALT_NO_INSTRUCTION_EMULATION -DALT_SINGLE_THREADED    -O0 -g -Wall   -EL -mno-hw-div -mhw-mul -mno-hw-mulx  -o obj/default/hello_world.o hello_world.c
In file included from hello_world.c:20:
lcd.h: In function 'draw_word':
lcd.h:109: error: 'word' undeclared (first use in this function)
lcd.h:109: error: (Each undeclared identifier is reported only once
lcd.h:109: error: for each function it appears in.)
hello_world.c:24: warning: 'main' is normally a non-static function
hello_world.c: In function 'main':
hello_world.c:35: warning: unused variable 'seg'
hello_world.c: In function 'draw_word':
hello_world.c:50: error: expected declaration or statement at end of input
lcd.h:106: warning: unused variable 'page'
make: *** [obj/default/hello_world.o] Error 1

**** Build Finished ****

**** Build of configuration Nios II for project SBQ_1 ****

make all 
Info: Building ../SBQ_1_bsp/
make --no-print-directory -C ../SBQ_1_bsp/
[BSP build complete]
Info: Compiling hello_world.c to obj/default/hello_world.o
nios2-elf-gcc -xc -MP -MMD -c -I../SBQ_1_bsp//HAL/inc -I../SBQ_1_bsp/ -I../SBQ_1_bsp//drivers/inc  -DSYSTEM_BUS_WIDTH=32 -pipe -D__hal__ -DALT_NO_INSTRUCTION_EMULATION -DALT_SINGLE_THREADED    -O0 -g -Wall   -EL -mno-hw-div -mhw-mul -mno-hw-mulx  -o obj/default/hello_world.o hello_world.c
hello_world.c: In function 'draw_word':
hello_world.c:24: warning: 'main' is normally a non-static function
hello_world.c: In function 'main':
hello_world.c:35: warning: unused variable 'seg'
hello_world.c: In function 'draw_word':
hello_world.c:50: error: expected declaration or statement at end of input
lcd.h:106: warning: unused variable 'page'
make: *** [obj/default/hello_world.o] Error 1

**** Build Finished ****

**** Build of configuration Nios II for project SBQ_1 ****

make all 
Info: Building ../SBQ_1_bsp/
make --no-print-directory -C ../SBQ_1_bsp/
[BSP build complete]
Info: Compiling hello_world.c to obj/default/hello_world.o
nios2-elf-gcc -xc -MP -MMD -c -I../SBQ_1_bsp//HAL/inc -I../SBQ_1_bsp/ -I../SBQ_1_bsp//drivers/inc  -DSYSTEM_BUS_WIDTH=32 -pipe -D__hal__ -DALT_NO_INSTRUCTION_EMULATION -DALT_SINGLE_THREADED    -O0 -g -Wall   -EL -mno-hw-div -mhw-mul -mno-hw-mulx  -o obj/default/hello_world.o hello_world.c
hello_world.c: In function 'draw_word':
hello_world.c:24: warning: 'main' is normally a non-static function
hello_world.c: In function 'main':
hello_world.c:35: warning: unused variable 'seg'
hello_world.c: In function 'draw_word':
hello_world.c:50: error: expected declaration or statement at end of input
lcd.h:106: warning: unused variable 'page'
make: *** [obj/default/hello_world.o] Error 1

**** Build Finished ****

**** Build of configuration Nios II for project SBQ_1 ****

make all 
Info: Building ../SBQ_1_bsp/
make --no-print-directory -C ../SBQ_1_bsp/
[BSP build complete]
Info: Compiling hello_world.c to obj/default/hello_world.o
nios2-elf-gcc -xc -MP -MMD -c -I../SBQ_1_bsp//HAL/inc -I../SBQ_1_bsp/ -I../SBQ_1_bsp//drivers/inc  -DSYSTEM_BUS_WIDTH=32 -pipe -D__hal__ -DALT_NO_INSTRUCTION_EMULATION -DALT_SINGLE_THREADED    -O0 -g -Wall   -EL -mno-hw-div -mhw-mul -mno-hw-mulx  -o obj/default/hello_world.o hello_world.c
hello_world.c: In function 'draw_word':
hello_world.c:24: warning: 'main' is normally a non-static function
hello_world.c: In function 'main':
hello_world.c:35: warning: unused variable 'seg'
hello_world.c: In function 'draw_word':
hello_world.c:50: error: expected declaration or statement at end of input
make: *** [obj/default/hello_world.o] Error 1

**** Build Finished ****

**** Build of configuration Nios II for project SBQ_1 ****

make all 
Info: Building ../SBQ_1_bsp/
make --no-print-directory -C ../SBQ_1_bsp/
[BSP build complete]
Info: Compiling hello_world.c to obj/default/hello_world.o
nios2-elf-gcc -xc -MP -MMD -c -I../SBQ_1_bsp//HAL/inc -I../SBQ_1_bsp/ -I../SBQ_1_bsp//drivers/inc  -DSYSTEM_BUS_WIDTH=32 -pipe -D__hal__ -DALT_NO_INSTRUCTION_EMULATION -DALT_SINGLE_THREADED    -O0 -g -Wall   -EL -mno-hw-div -mhw-mul -mno-hw-mulx  -o obj/default/hello_world.o hello_world.c
hello_world.c: In function 'draw_word':
hello_world.c:24: warning: 'main' is normally a non-static function
hello_world.c: In function 'main':
hello_world.c:35: warning: unused variable 'seg'
hello_world.c: In function 'draw_word':
hello_world.c:50: error: expected declaration or statement at end of input
make: *** [obj/default/hello_world.o] Error 1

**** Build Finished ****

**** Build of configuration Nios II for project SBQ_1 ****

make all 
Info: Building ../SBQ_1_bsp/
make --no-print-directory -C ../SBQ_1_bsp/
[BSP build complete]
Info: Compiling hello_world.c to obj/default/hello_world.o
nios2-elf-gcc -xc -MP -MMD -c -I../SBQ_1_bsp//HAL/inc -I../SBQ_1_bsp/ -I../SBQ_1_bsp//drivers/inc  -DSYSTEM_BUS_WIDTH=32 -pipe -D__hal__ -DALT_NO_INSTRUCTION_EMULATION -DALT_SINGLE_THREADED    -O0 -g -Wall   -EL -mno-hw-div -mhw-mul -mno-hw-mulx  -o obj/default/hello_world.o hello_world.c
hello_world.c: In function 'main':
hello_world.c:35: warning: unused variable 'seg'
Info: Linking SBQ_1.elf
nios2-elf-g++  -T'../SBQ_1_bsp//linker.x' -msys-crt0='../SBQ_1_bsp//obj/HAL/src/crt0.o' -msys-lib=hal_bsp -L../SBQ_1_bsp/   -Wl,-Map=SBQ_1.map   -O0 -g -Wall   -EL -mno-hw-div -mhw-mul -mno-hw-mulx  -o SBQ_1.elf obj/default/hello_world.o -lm 
nios2-elf-insert SBQ_1.elf --thread_model hal --cpu_name CPU --qsys true --simulation_enabled false --id 0 --sidp 0x18f0 --timestamp 1545046699 --stderr_dev JTAG --stdin_dev JTAG --stdout_dev JTAG --sopc_system_name cpu --quartus_project_dir "Z:/Downloads/SBQ" --sopcinfo Z:/Downloads/SBQ/cpu.sopcinfo
Info: (SBQ_1.elf) 65 KBytes program size (code + initialized data).
Info:             8126 KBytes free for stack + heap.
Info: Creating SBQ_1.objdump
nios2-elf-objdump --disassemble --syms --all-header --source SBQ_1.elf >SBQ_1.objdump
[SBQ_1 build complete]

**** Build Finished ****

**** Build of configuration Nios II for project SBQ_1 ****

make all 
Info: Building ../SBQ_1_bsp/
make --no-print-directory -C ../SBQ_1_bsp/
[BSP build complete]
[SBQ_1 build complete]

**** Build Finished ****

**** Build of configuration Nios II for project SBQ_1 ****

make all 
Info: Building ../SBQ_1_bsp/
make --no-print-directory -C ../SBQ_1_bsp/
[BSP build complete]
Info: Compiling hello_world.c to obj/default/hello_world.o
nios2-elf-gcc -xc -MP -MMD -c -I../SBQ_1_bsp//HAL/inc -I../SBQ_1_bsp/ -I../SBQ_1_bsp//drivers/inc  -DSYSTEM_BUS_WIDTH=32 -pipe -D__hal__ -DALT_NO_INSTRUCTION_EMULATION -DALT_SINGLE_THREADED    -O0 -g -Wall   -EL -mno-hw-div -mhw-mul -mno-hw-mulx  -o obj/default/hello_world.o hello_world.c
hello_world.c: In function 'main':
hello_world.c:43: error: too few arguments to function 'draw_xy'
hello_world.c:35: warning: unused variable 'seg'
make: *** [obj/default/hello_world.o] Error 1

**** Build Finished ****

**** Build of configuration Nios II for project SBQ_1 ****

make all 
Info: Building ../SBQ_1_bsp/
make --no-print-directory -C ../SBQ_1_bsp/
[BSP build complete]
Info: Compiling hello_world.c to obj/default/hello_world.o
nios2-elf-gcc -xc -MP -MMD -c -I../SBQ_1_bsp//HAL/inc -I../SBQ_1_bsp/ -I../SBQ_1_bsp//drivers/inc  -DSYSTEM_BUS_WIDTH=32 -pipe -D__hal__ -DALT_NO_INSTRUCTION_EMULATION -DALT_SINGLE_THREADED    -O0 -g -Wall   -EL -mno-hw-div -mhw-mul -mno-hw-mulx  -o obj/default/hello_world.o hello_world.c
hello_world.c: In function 'main':
hello_world.c:43: error: too few arguments to function 'draw_xy'
hello_world.c:35: warning: unused variable 'seg'
make: *** [obj/default/hello_world.o] Error 1

**** Build Finished ****

**** Build of configuration Nios II for project SBQ_1 ****

make all 
Info: Building ../SBQ_1_bsp/
make --no-print-directory -C ../SBQ_1_bsp/
[BSP build complete]
Info: Compiling hello_world.c to obj/default/hello_world.o
nios2-elf-gcc -xc -MP -MMD -c -I../SBQ_1_bsp//HAL/inc -I../SBQ_1_bsp/ -I../SBQ_1_bsp//drivers/inc  -DSYSTEM_BUS_WIDTH=32 -pipe -D__hal__ -DALT_NO_INSTRUCTION_EMULATION -DALT_SINGLE_THREADED    -O0 -g -Wall   -EL -mno-hw-div -mhw-mul -mno-hw-mulx  -o obj/default/hello_world.o hello_world.c
hello_world.c: In function 'main':
hello_world.c:35: warning: unused variable 'seg'
Info: Linking SBQ_1.elf
nios2-elf-g++  -T'../SBQ_1_bsp//linker.x' -msys-crt0='../SBQ_1_bsp//obj/HAL/src/crt0.o' -msys-lib=hal_bsp -L../SBQ_1_bsp/   -Wl,-Map=SBQ_1.map   -O0 -g -Wall   -EL -mno-hw-div -mhw-mul -mno-hw-mulx  -o SBQ_1.elf obj/default/hello_world.o -lm 
nios2-elf-insert SBQ_1.elf --thread_model hal --cpu_name CPU --qsys true --simulation_enabled false --id 0 --sidp 0x18f0 --timestamp 1545046699 --stderr_dev JTAG --stdin_dev JTAG --stdout_dev JTAG --sopc_system_name cpu --quartus_project_dir "Z:/Downloads/SBQ" --sopcinfo Z:/Downloads/SBQ/cpu.sopcinfo
Info: (SBQ_1.elf) 65 KBytes program size (code + initialized data).
Info:             8126 KBytes free for stack + heap.
Info: Creating SBQ_1.objdump
nios2-elf-objdump --disassemble --syms --all-header --source SBQ_1.elf >SBQ_1.objdump
[SBQ_1 build complete]

**** Build Finished ****

**** Build of configuration Nios II for project SBQ_1 ****

make all 
Info: Building ../SBQ_1_bsp/
make --no-print-directory -C ../SBQ_1_bsp/
[BSP build complete]
[SBQ_1 build complete]

**** Build Finished ****

**** Build of configuration Nios II for project SBQ_1 ****

make all 
Info: Building ../SBQ_1_bsp/
make --no-print-directory -C ../SBQ_1_bsp/
[BSP build complete]
Info: Compiling hello_world.c to obj/default/hello_world.o
nios2-elf-gcc -xc -MP -MMD -c -I../SBQ_1_bsp//HAL/inc -I../SBQ_1_bsp/ -I../SBQ_1_bsp//drivers/inc  -DSYSTEM_BUS_WIDTH=32 -pipe -D__hal__ -DALT_NO_INSTRUCTION_EMULATION -DALT_SINGLE_THREADED    -O0 -g -Wall   -EL -mno-hw-div -mhw-mul -mno-hw-mulx  -o obj/default/hello_world.o hello_world.c
hello_world.c: In function 'main':
hello_world.c:35: warning: unused variable 'seg'
Info: Linking SBQ_1.elf
nios2-elf-g++  -T'../SBQ_1_bsp//linker.x' -msys-crt0='../SBQ_1_bsp//obj/HAL/src/crt0.o' -msys-lib=hal_bsp -L../SBQ_1_bsp/   -Wl,-Map=SBQ_1.map   -O0 -g -Wall   -EL -mno-hw-div -mhw-mul -mno-hw-mulx  -o SBQ_1.elf obj/default/hello_world.o -lm 
nios2-elf-insert SBQ_1.elf --thread_model hal --cpu_name CPU --qsys true --simulation_enabled false --id 0 --sidp 0x18f0 --timestamp 1545046699 --stderr_dev JTAG --stdin_dev JTAG --stdout_dev JTAG --sopc_system_name cpu --quartus_project_dir "Z:/Downloads/SBQ" --sopcinfo Z:/Downloads/SBQ/cpu.sopcinfo
Info: (SBQ_1.elf) 65 KBytes program size (code + initialized data).
Info:             8126 KBytes free for stack + heap.
Info: Creating SBQ_1.objdump
nios2-elf-objdump --disassemble --syms --all-header --source SBQ_1.elf >SBQ_1.objdump
[SBQ_1 build complete]

**** Build Finished ****

**** Build of configuration Nios II for project SBQ_1 ****

make all 
Info: Building ../SBQ_1_bsp/
make --no-print-directory -C ../SBQ_1_bsp/
[BSP build complete]
[SBQ_1 build complete]

**** Build Finished ****

**** Build of configuration Nios II for project SBQ_1 ****

make all 
Info: Building ../SBQ_1_bsp/
make --no-print-directory -C ../SBQ_1_bsp/
[BSP build complete]
Info: Compiling hello_world.c to obj/default/hello_world.o
nios2-elf-gcc -xc -MP -MMD -c -I../SBQ_1_bsp//HAL/inc -I../SBQ_1_bsp/ -I../SBQ_1_bsp//drivers/inc  -DSYSTEM_BUS_WIDTH=32 -pipe -D__hal__ -DALT_NO_INSTRUCTION_EMULATION -DALT_SINGLE_THREADED    -O0 -g -Wall   -EL -mno-hw-div -mhw-mul -mno-hw-mulx  -o obj/default/hello_world.o hello_world.c
hello_world.c: In function 'main':
hello_world.c:35: warning: unused variable 'seg'
Info: Linking SBQ_1.elf
nios2-elf-g++  -T'../SBQ_1_bsp//linker.x' -msys-crt0='../SBQ_1_bsp//obj/HAL/src/crt0.o' -msys-lib=hal_bsp -L../SBQ_1_bsp/   -Wl,-Map=SBQ_1.map   -O0 -g -Wall   -EL -mno-hw-div -mhw-mul -mno-hw-mulx  -o SBQ_1.elf obj/default/hello_world.o -lm 
nios2-elf-insert SBQ_1.elf --thread_model hal --cpu_name CPU --qsys true --simulation_enabled false --id 0 --sidp 0x18f0 --timestamp 1545046699 --stderr_dev JTAG --stdin_dev JTAG --stdout_dev JTAG --sopc_system_name cpu --quartus_project_dir "Z:/Downloads/SBQ" --sopcinfo Z:/Downloads/SBQ/cpu.sopcinfo
Info: (SBQ_1.elf) 65 KBytes program size (code + initialized data).
Info:             8126 KBytes free for stack + heap.
Info: Creating SBQ_1.objdump
nios2-elf-objdump --disassemble --syms --all-header --source SBQ_1.elf >SBQ_1.objdump
[SBQ_1 build complete]

**** Build Finished ****

**** Build of configuration Nios II for project SBQ_1 ****

make all 
Info: Building ../SBQ_1_bsp/
make --no-print-directory -C ../SBQ_1_bsp/
[BSP build complete]
[SBQ_1 build complete]

**** Build Finished ****
