Flow report for SBQ
Mon Dec 17 19:40:39 2018
Quartus II 64-Bit Version 13.0.0 Build 156 04/24/2013 SJ Full Version


---------------------
; Table of Contents ;
---------------------
  1. Legal Notice
  2. Flow Summary
  3. Flow Settings
  4. Flow Non-Default Global Settings
  5. Flow Elapsed Time
  6. Flow OS Summary
  7. Flow Log
  8. Flow Messages
  9. Flow Suppressed Messages



----------------
; Legal Notice ;
----------------
Copyright (C) 1991-2013 Altera Corporation
Your use of Altera Corporation's design tools, logic functions 
and other software and tools, and its AMPP partner logic 
functions, and any output files from any of the foregoing 
(including device programming or simulation files), and any 
associated documentation or information are expressly subject 
to the terms and conditions of the Altera Program License 
Subscription Agreement, Altera MegaCore Function License 
Agreement, or other applicable license agreement, including, 
without limitation, that your use is for the sole purpose of 
programming logic devices manufactured by Altera and sold by 
Altera or its authorized distributors.  Please refer to the 
applicable agreement for further details.



+----------------------------------------------------------------------------------+
; Flow Summary                                                                     ;
+------------------------------------+---------------------------------------------+
; Flow Status                        ; Successful - Mon Dec 17 19:40:36 2018       ;
; Quartus II 64-Bit Version          ; 13.0.0 Build 156 04/24/2013 SJ Full Version ;
; Revision Name                      ; SBQ                                         ;
; Top-level Entity Name              ; Pre_Exp                                     ;
; Family                             ; Cyclone II                                  ;
; Device                             ; EP2C8Q208C8                                 ;
; Timing Models                      ; Final                                       ;
; Total logic elements               ; 4,324 / 8,256 ( 52 % )                      ;
;     Total combinational functions  ; 3,851 / 8,256 ( 47 % )                      ;
;     Dedicated logic registers      ; 2,810 / 8,256 ( 34 % )                      ;
; Total registers                    ; 2878                                        ;
; Total pins                         ; 87 / 138 ( 63 % )                           ;
; Total virtual pins                 ; 0                                           ;
; Total memory bits                  ; 51,328 / 165,888 ( 31 % )                   ;
; Embedded Multiplier 9-bit elements ; 4 / 36 ( 11 % )                             ;
; Total PLLs                         ; 1 / 2 ( 50 % )                              ;
+------------------------------------+---------------------------------------------+


+-----------------------------------------+
; Flow Settings                           ;
+-------------------+---------------------+
; Option            ; Setting             ;
+-------------------+---------------------+
; Start date & time ; 12/17/2018 19:38:13 ;
; Main task         ; Compilation         ;
; Revision Name     ; SBQ                 ;
+-------------------+---------------------+


+---------------------------------------------------------------------------------------------------------------+
; Flow Non-Default Global Settings                                                                              ;
+-------------------------------------+------------------------------+---------------+-------------+------------+
; Assignment Name                     ; Value                        ; Default Value ; Entity Name ; Section Id ;
+-------------------------------------+------------------------------+---------------+-------------+------------+
; COMPILER_SIGNATURE_ID               ; 121374295337.154504669341460 ; --            ; --          ; --         ;
; IP_TOOL_NAME                        ; ALTPLL                       ; --            ; --          ; --         ;
; IP_TOOL_VERSION                     ; 13.0                         ; --            ; --          ; --         ;
; MAX_CORE_JUNCTION_TEMP              ; 85                           ; --            ; --          ; --         ;
; MIN_CORE_JUNCTION_TEMP              ; 0                            ; --            ; --          ; --         ;
; MISC_FILE                           ; pll_m.bsf                    ; --            ; --          ; --         ;
; MISC_FILE                           ; pll_m_bb.v                   ; --            ; --          ; --         ;
; MISC_FILE                           ; pll_m.ppf                    ; --            ; --          ; --         ;
; PARTITION_COLOR                     ; 16764057                     ; --            ; Pre_Exp     ; Top        ;
; PARTITION_FITTER_PRESERVATION_LEVEL ; PLACEMENT_AND_ROUTING        ; --            ; Pre_Exp     ; Top        ;
; PARTITION_NETLIST_TYPE              ; SOURCE                       ; --            ; Pre_Exp     ; Top        ;
; PROJECT_OUTPUT_DIRECTORY            ; output_files                 ; --            ; --          ; --         ;
; TOP_LEVEL_ENTITY                    ; Pre_Exp                      ; SBQ           ; --          ; --         ;
+-------------------------------------+------------------------------+---------------+-------------+------------+


+-------------------------------------------------------------------------------------------------------------------------------+
; Flow Elapsed Time                                                                                                             ;
+---------------------------+--------------+-------------------------+---------------------+------------------------------------+
; Module Name               ; Elapsed Time ; Average Processors Used ; Peak Virtual Memory ; Total CPU Time (on all processors) ;
+---------------------------+--------------+-------------------------+---------------------+------------------------------------+
; Analysis & Synthesis      ; 00:01:48     ; 1.0                     ; 654 MB              ; 00:00:59                           ;
; Fitter                    ; 00:00:25     ; 1.3                     ; 796 MB              ; 00:00:29                           ;
; Assembler                 ; 00:00:02     ; 1.0                     ; 445 MB              ; 00:00:01                           ;
; TimeQuest Timing Analyzer ; 00:00:02     ; 1.0                     ; 472 MB              ; 00:00:02                           ;
; Total                     ; 00:02:17     ; --                      ; --                  ; 00:01:31                           ;
+---------------------------+--------------+-------------------------+---------------------+------------------------------------+


+----------------------------------------------------------------------------------------+
; Flow OS Summary                                                                        ;
+---------------------------+------------------+-----------+------------+----------------+
; Module Name               ; Machine Hostname ; OS Name   ; OS Version ; Processor type ;
+---------------------------+------------------+-----------+------------+----------------+
; Analysis & Synthesis      ; 3B66             ; Windows 7 ; 6.1        ; x86_64         ;
; Fitter                    ; 3B66             ; Windows 7 ; 6.1        ; x86_64         ;
; Assembler                 ; 3B66             ; Windows 7 ; 6.1        ; x86_64         ;
; TimeQuest Timing Analyzer ; 3B66             ; Windows 7 ; 6.1        ; x86_64         ;
+---------------------------+------------------+-----------+------------+----------------+


------------
; Flow Log ;
------------
quartus_map --read_settings_files=on --write_settings_files=off SBQ -c SBQ
quartus_fit --read_settings_files=off --write_settings_files=off SBQ -c SBQ
quartus_asm --read_settings_files=off --write_settings_files=off SBQ -c SBQ
quartus_sta SBQ -c SBQ



