Info: Starting: Create block symbol file (.bsf)
Info: ip-generate --project-directory=Z:/Downloads/SBQ/sopc/ --output-directory=Z:/Downloads/SBQ/sopc/cpu/ --report-file=bsf:Z:/Downloads/SBQ/sopc/cpu.bsf --system-info=DEVICE_FAMILY="Cyclone II" --system-info=DEVICE=EP2C8Q208C8 --system-info=DEVICE_SPEEDGRADE=8 --component-file=Z:/Downloads/SBQ/sopc/cpu.qsys
Progress: Loading sopc/cpu.qsys
Progress: Reading input file
Progress: Adding CLK [clock_source 13.0]
Progress: Parameterizing module CLK
Progress: Adding SDRAM [altera_avalon_new_sdram_controller 13.0.1]
Progress: Parameterizing module SDRAM
Progress: Adding EPCS [altera_avalon_epcs_flash_controller 13.0.1]
Progress: Parameterizing module EPCS
Progress: Adding SYSID [altera_avalon_sysid_qsys 13.0]
Progress: Parameterizing module SYSID
Progress: Adding CPU [altera_nios2_qsys 13.0]
Progress: Parameterizing module CPU
Progress: Adding JTAG [altera_avalon_jtag_uart 13.0.1]
Progress: Parameterizing module JTAG
Progress: Adding pio_0 [altera_avalon_pio 13.0.1]
Progress: Parameterizing module pio_0
Progress: Adding timer_0 [altera_avalon_timer 13.0.1]
Progress: Parameterizing module timer_0
Progress: Adding pio_1 [altera_avalon_pio 13.0.1]
Progress: Parameterizing module pio_1
Progress: Adding LCD_SI [altera_avalon_pio 13.0.1]
Progress: Parameterizing module LCD_SI
Progress: Adding LCD_A0 [altera_avalon_pio 13.0.1]
Progress: Parameterizing module LCD_A0
Progress: Adding LCD_SCL [altera_avalon_pio 13.0.1]
Progress: Parameterizing module LCD_SCL
Progress: Adding LCD_CS [altera_avalon_pio 13.0.1]
Progress: Parameterizing module LCD_CS
Progress: Building connections
Progress: Parameterizing connections
Progress: Validating
Progress: Done reading input file
Info: cpu.SYSID: System ID is not assigned automatically. Edit the System ID parameter to provide a unique ID
Info: cpu.SYSID: Time stamp will be automatically updated when this component is generated.
Info: cpu.CPU: CPUID control register value is 0. Please manually assign CPUID if creating multiple Nios II system
Info: cpu.pio_0: PIO inputs are not hardwired in test bench. Undefined values will be read from PIO inputs during simulation.
Info: cpu.pio_1: PIO inputs are not hardwired in test bench. Undefined values will be read from PIO inputs during simulation.
Warning: cpu.LCD_SI: LCD_SI.external_connection must be exported, or connected to a matching conduit.
Warning: cpu.LCD_A0: LCD_A0.external_connection must be exported, or connected to a matching conduit.
Warning: cpu.LCD_SCL: LCD_SCL.external_connection must be exported, or connected to a matching conduit.
Warning: cpu.LCD_CS: LCD_CS.external_connection must be exported, or connected to a matching conduit.
Info: ip-generate succeeded.
Info: Finished: Create block symbol file (.bsf)
Info: 
Info: Starting: Create HDL design files for synthesis
Info: ip-generate --project-directory=Z:/Downloads/SBQ/sopc/ --output-directory=Z:/Downloads/SBQ/sopc/cpu/synthesis/ --file-set=QUARTUS_SYNTH --report-file=sopcinfo:Z:/Downloads/SBQ/sopc/cpu.sopcinfo --report-file=html:Z:/Downloads/SBQ/sopc/cpu.html --report-file=qip:Z:/Downloads/SBQ/sopc/cpu/synthesis/cpu.qip --report-file=cmp:Z:/Downloads/SBQ/sopc/cpu.cmp --system-info=DEVICE_FAMILY="Cyclone II" --system-info=DEVICE=EP2C8Q208C8 --system-info=DEVICE_SPEEDGRADE=8 --component-file=Z:/Downloads/SBQ/sopc/cpu.qsys --language=VHDL
Progress: Loading sopc/cpu.qsys
Progress: Reading input file
Progress: Adding CLK [clock_source 13.0]
Progress: Parameterizing module CLK
Progress: Adding SDRAM [altera_avalon_new_sdram_controller 13.0.1]
Progress: Parameterizing module SDRAM
Progress: Adding EPCS [altera_avalon_epcs_flash_controller 13.0.1]
Progress: Parameterizing module EPCS
Progress: Adding SYSID [altera_avalon_sysid_qsys 13.0]
Progress: Parameterizing module SYSID
Progress: Adding CPU [altera_nios2_qsys 13.0]
Progress: Parameterizing module CPU
Progress: Adding JTAG [altera_avalon_jtag_uart 13.0.1]
Progress: Parameterizing module JTAG
Progress: Adding pio_0 [altera_avalon_pio 13.0.1]
Progress: Parameterizing module pio_0
Progress: Adding timer_0 [altera_avalon_timer 13.0.1]
Progress: Parameterizing module timer_0
Progress: Adding pio_1 [altera_avalon_pio 13.0.1]
Progress: Parameterizing module pio_1
Progress: Adding LCD_SI [altera_avalon_pio 13.0.1]
Progress: Parameterizing module LCD_SI
Progress: Adding LCD_A0 [altera_avalon_pio 13.0.1]
Progress: Parameterizing module LCD_A0
Progress: Adding LCD_SCL [altera_avalon_pio 13.0.1]
Progress: Parameterizing module LCD_SCL
Progress: Adding LCD_CS [altera_avalon_pio 13.0.1]
Progress: Parameterizing module LCD_CS
Progress: Building connections
Progress: Parameterizing connections
Progress: Validating
Progress: Done reading input file
Info: cpu.SYSID: System ID is not assigned automatically. Edit the System ID parameter to provide a unique ID
Info: cpu.SYSID: Time stamp will be automatically updated when this component is generated.
Info: cpu.CPU: CPUID control register value is 0. Please manually assign CPUID if creating multiple Nios II system
Info: cpu.pio_0: PIO inputs are not hardwired in test bench. Undefined values will be read from PIO inputs during simulation.
Info: cpu.pio_1: PIO inputs are not hardwired in test bench. Undefined values will be read from PIO inputs during simulation.
Warning: cpu.LCD_SI: LCD_SI.external_connection must be exported, or connected to a matching conduit.
Warning: cpu.LCD_A0: LCD_A0.external_connection must be exported, or connected to a matching conduit.
Warning: cpu.LCD_SCL: LCD_SCL.external_connection must be exported, or connected to a matching conduit.
Warning: cpu.LCD_CS: LCD_CS.external_connection must be exported, or connected to a matching conduit.
Info: cpu: Generating cpu "cpu" for QUARTUS_SYNTH
Info: pipeline_bridge_swap_transform: After transform: 13 modules, 48 connections
Info: No custom instruction connections, skipping transform 
Info: merlin_translator_transform: After transform: 27 modules, 90 connections
Info: merlin_domain_transform: After transform: 55 modules, 232 connections
Info: merlin_router_transform: After transform: 69 modules, 274 connections
Info: merlin_traffic_limiter_transform: After transform: 70 modules, 278 connections
Info: merlin_burst_transform: After transform: 71 modules, 281 connections
Info: reset_adaptation_transform: After transform: 72 modules, 283 connections
Info: merlin_network_to_switch_transform: After transform: 99 modules, 349 connections
Info: merlin_width_transform: After transform: 101 modules, 355 connections
Info: limiter_update_transform: After transform: 101 modules, 356 connections
Info: merlin_mm_transform: After transform: 101 modules, 356 connections
Info: merlin_interrupt_mapper_transform: After transform: 102 modules, 359 connections
Warning: cpu: "No matching role found for EPCS:epcs_control_port:endofpacket (endofpacket)"
Warning: cpu: "No matching role found for EPCS:epcs_control_port:dataavailable (dataavailable)"
Warning: cpu: "No matching role found for EPCS:epcs_control_port:readyfordata (readyfordata)"
Info: SDRAM: Starting RTL generation for module 'cpu_SDRAM'
Info: SDRAM:   Generation command is [exec C:/altera/13.0/quartus/bin/perl/bin/perl.exe -I C:/altera/13.0/quartus/common/ip/altera/common/perl/5.8.3 -I C:/altera/13.0/quartus/sopc_builder/bin/europa -I C:/altera/13.0/quartus/sopc_builder/bin/perl_lib -I C:/altera/13.0/quartus/sopc_builder/bin -I C:/altera/13.0/quartus/../ip/altera/sopc_builder_ip/common -I C:/altera/13.0/quartus/../ip/altera/sopc_builder_ip/altera_avalon_new_sdram_controller -- C:/altera/13.0/quartus/../ip/altera/sopc_builder_ip/altera_avalon_new_sdram_controller/generate_rtl.pl --name=cpu_SDRAM --dir=C:/Users/lyh/AppData/Local/Temp/alt7882_6330926977953252311.dir/0001_SDRAM_gen/ --quartus_dir=C:/altera/13.0/quartus --verilog --config=C:/Users/lyh/AppData/Local/Temp/alt7882_6330926977953252311.dir/0001_SDRAM_gen//cpu_SDRAM_component_configuration.pl  --do_build_sim=0  ]
Info: SDRAM: Done RTL generation for module 'cpu_SDRAM'
Info: SDRAM: "cpu" instantiated altera_avalon_new_sdram_controller "SDRAM"
Info: EPCS: Starting RTL generation for module 'cpu_EPCS'
Info: EPCS:   Generation command is [exec C:/altera/13.0/quartus/bin/perl/bin/perl.exe -I C:/altera/13.0/quartus/common/ip/altera/common/perl/5.8.3 -I C:/altera/13.0/quartus/sopc_builder/bin/europa -I C:/altera/13.0/quartus/sopc_builder/bin/perl_lib -I C:/altera/13.0/quartus/sopc_builder/bin -I C:/altera/13.0/quartus/../ip/altera/sopc_builder_ip/common -I C:/altera/13.0/quartus/../ip/altera/sopc_builder_ip/altera_avalon_epcs_flash_controller -- C:/altera/13.0/quartus/../ip/altera/sopc_builder_ip/altera_avalon_epcs_flash_controller/generate_rtl.pl --name=cpu_EPCS --dir=C:/Users/lyh/AppData/Local/Temp/alt7882_6330926977953252311.dir/0002_EPCS_gen/ --quartus_dir=C:/altera/13.0/quartus --verilog --config=C:/Users/lyh/AppData/Local/Temp/alt7882_6330926977953252311.dir/0002_EPCS_gen//cpu_EPCS_component_configuration.pl  --do_build_sim=0  ]
Info: EPCS: Done RTL generation for module 'cpu_EPCS'
Info: EPCS: "cpu" instantiated altera_avalon_epcs_flash_controller "EPCS"
Info: SYSID: "cpu" instantiated altera_avalon_sysid_qsys "SYSID"
Info: CPU: Starting RTL generation for module 'cpu_CPU'
Info: CPU:   Generation command is [exec C:/altera/13.0/quartus/../ip/altera/nios2_ip/altera_nios2/eperl.exe -I C:/altera/13.0/quartus/common/ip/altera/common/perl/5.8.3 -I C:/altera/13.0/quartus/sopc_builder/bin/europa -I C:/altera/13.0/quartus/sopc_builder/bin/perl_lib -I C:/altera/13.0/quartus/sopc_builder/bin -I C:/altera/13.0/quartus/../ip/altera/nios2_ip/altera_nios2/cpu_lib -I C:/altera/13.0/quartus/../ip/altera/nios2_ip/altera_nios2/nios_lib -I C:/altera/13.0/quartus/../ip/altera/nios2_ip/altera_nios2 -I C:/altera/13.0/quartus/../ip/altera/nios2_ip/altera_nios2 -- C:/altera/13.0/quartus/../ip/altera/nios2_ip/altera_nios2/generate_rtl.epl --name=cpu_CPU --dir=C:/Users/lyh/AppData/Local/Temp/alt7882_6330926977953252311.dir/0004_CPU_gen/ --quartus_dir=C:/altera/13.0/quartus --verilog --config=C:/Users/lyh/AppData/Local/Temp/alt7882_6330926977953252311.dir/0004_CPU_gen//cpu_CPU_processor_configuration.pl  --do_build_sim=0    --bogus  ]
Info: CPU: # 2018.12.17 19:31:13 (*) Starting Nios II generation
Info: CPU: # 2018.12.17 19:31:13 (*)   Checking for plaintext license.
Info: CPU: # 2018.12.17 19:31:14 (*)   Plaintext license not found.
Info: CPU: # 2018.12.17 19:31:14 (*)   Checking for encrypted license (non-evaluation).
Info: CPU: # 2018.12.17 19:31:14 (*)   Encrypted license found.  SOF will not be time-limited.
Info: CPU: # 2018.12.17 19:31:14 (*)   Elaborating CPU configuration settings
Info: CPU: # 2018.12.17 19:31:14 (*)   Creating all objects for CPU
Info: CPU: # 2018.12.17 19:31:14 (*)     Testbench
Info: CPU: # 2018.12.17 19:31:14 (*)     Instruction decoding
Info: CPU: # 2018.12.17 19:31:14 (*)       Instruction fields
Info: CPU: # 2018.12.17 19:31:15 (*)       Instruction decodes
Info: CPU: # 2018.12.17 19:31:15 (*)       Signals for RTL simulation waveforms
Info: CPU: # 2018.12.17 19:31:15 (*)       Instruction controls
Info: CPU: # 2018.12.17 19:31:15 (*)     Pipeline frontend
Info: CPU: # 2018.12.17 19:31:15 (*)     Pipeline backend
Info: CPU: # 2018.12.17 19:31:18 (*)   Generating RTL from CPU objects
Info: CPU: # 2018.12.17 19:31:22 (*)   Creating encrypted RTL
Info: CPU: # 2018.12.17 19:31:24 (*) Done Nios II generation
Info: CPU: Done RTL generation for module 'cpu_CPU'
Info: CPU: "cpu" instantiated altera_nios2_qsys "CPU"
Info: JTAG: Starting RTL generation for module 'cpu_JTAG'
Info: JTAG:   Generation command is [exec C:/altera/13.0/quartus/bin/perl/bin/perl.exe -I C:/altera/13.0/quartus/common/ip/altera/common/perl/5.8.3 -I C:/altera/13.0/quartus/sopc_builder/bin/europa -I C:/altera/13.0/quartus/sopc_builder/bin/perl_lib -I C:/altera/13.0/quartus/sopc_builder/bin -I C:/altera/13.0/quartus/../ip/altera/sopc_builder_ip/common -I C:/altera/13.0/quartus/../ip/altera/sopc_builder_ip/altera_avalon_jtag_uart -- C:/altera/13.0/quartus/../ip/altera/sopc_builder_ip/altera_avalon_jtag_uart/generate_rtl.pl --name=cpu_JTAG --dir=C:/Users/lyh/AppData/Local/Temp/alt7882_6330926977953252311.dir/0005_JTAG_gen/ --quartus_dir=C:/altera/13.0/quartus --verilog --config=C:/Users/lyh/AppData/Local/Temp/alt7882_6330926977953252311.dir/0005_JTAG_gen//cpu_JTAG_component_configuration.pl  --do_build_sim=0  ]
Info: JTAG: Done RTL generation for module 'cpu_JTAG'
Info: JTAG: "cpu" instantiated altera_avalon_jtag_uart "JTAG"
Info: pio_0: Starting RTL generation for module 'cpu_pio_0'
Info: pio_0:   Generation command is [exec C:/altera/13.0/quartus/bin/perl/bin/perl.exe -I C:/altera/13.0/quartus/common/ip/altera/common/perl/5.8.3 -I C:/altera/13.0/quartus/sopc_builder/bin/europa -I C:/altera/13.0/quartus/sopc_builder/bin/perl_lib -I C:/altera/13.0/quartus/sopc_builder/bin -I C:/altera/13.0/quartus/../ip/altera/sopc_builder_ip/common -I C:/altera/13.0/quartus/../ip/altera/sopc_builder_ip/altera_avalon_pio -- C:/altera/13.0/quartus/../ip/altera/sopc_builder_ip/altera_avalon_pio/generate_rtl.pl --name=cpu_pio_0 --dir=C:/Users/lyh/AppData/Local/Temp/alt7882_6330926977953252311.dir/0006_pio_0_gen/ --quartus_dir=C:/altera/13.0/quartus --verilog --config=C:/Users/lyh/AppData/Local/Temp/alt7882_6330926977953252311.dir/0006_pio_0_gen//cpu_pio_0_component_configuration.pl  --do_build_sim=0  ]
Info: pio_0: Done RTL generation for module 'cpu_pio_0'
Info: pio_0: "cpu" instantiated altera_avalon_pio "pio_0"
Info: timer_0: Starting RTL generation for module 'cpu_timer_0'
Info: timer_0:   Generation command is [exec C:/altera/13.0/quartus/bin/perl/bin/perl.exe -I C:/altera/13.0/quartus/common/ip/altera/common/perl/5.8.3 -I C:/altera/13.0/quartus/sopc_builder/bin/europa -I C:/altera/13.0/quartus/sopc_builder/bin/perl_lib -I C:/altera/13.0/quartus/sopc_builder/bin -I C:/altera/13.0/quartus/../ip/altera/sopc_builder_ip/common -I C:/altera/13.0/quartus/../ip/altera/sopc_builder_ip/altera_avalon_timer -- C:/altera/13.0/quartus/../ip/altera/sopc_builder_ip/altera_avalon_timer/generate_rtl.pl --name=cpu_timer_0 --dir=C:/Users/lyh/AppData/Local/Temp/alt7882_6330926977953252311.dir/0007_timer_0_gen/ --quartus_dir=C:/altera/13.0/quartus --verilog --config=C:/Users/lyh/AppData/Local/Temp/alt7882_6330926977953252311.dir/0007_timer_0_gen//cpu_timer_0_component_configuration.pl  --do_build_sim=0  ]
Info: timer_0: Done RTL generation for module 'cpu_timer_0'
Info: timer_0: "cpu" instantiated altera_avalon_timer "timer_0"
Info: LCD_SI: Starting RTL generation for module 'cpu_LCD_SI'
Info: LCD_SI:   Generation command is [exec C:/altera/13.0/quartus/bin/perl/bin/perl.exe -I C:/altera/13.0/quartus/common/ip/altera/common/perl/5.8.3 -I C:/altera/13.0/quartus/sopc_builder/bin/europa -I C:/altera/13.0/quartus/sopc_builder/bin/perl_lib -I C:/altera/13.0/quartus/sopc_builder/bin -I C:/altera/13.0/quartus/../ip/altera/sopc_builder_ip/common -I C:/altera/13.0/quartus/../ip/altera/sopc_builder_ip/altera_avalon_pio -- C:/altera/13.0/quartus/../ip/altera/sopc_builder_ip/altera_avalon_pio/generate_rtl.pl --name=cpu_LCD_SI --dir=C:/Users/lyh/AppData/Local/Temp/alt7882_6330926977953252311.dir/0008_LCD_SI_gen/ --quartus_dir=C:/altera/13.0/quartus --verilog --config=C:/Users/lyh/AppData/Local/Temp/alt7882_6330926977953252311.dir/0008_LCD_SI_gen//cpu_LCD_SI_component_configuration.pl  --do_build_sim=0  ]
Info: LCD_SI: Done RTL generation for module 'cpu_LCD_SI'
Info: LCD_SI: "cpu" instantiated altera_avalon_pio "LCD_SI"
Info: CPU_instruction_master_translator: "cpu" instantiated altera_merlin_master_translator "CPU_instruction_master_translator"
Info: CPU_jtag_debug_module_translator: "cpu" instantiated altera_merlin_slave_translator "CPU_jtag_debug_module_translator"
Info: CPU_instruction_master_translator_avalon_universal_master_0_agent: "cpu" instantiated altera_merlin_master_agent "CPU_instruction_master_translator_avalon_universal_master_0_agent"
Info: CPU_jtag_debug_module_translator_avalon_universal_slave_0_agent: "cpu" instantiated altera_merlin_slave_agent "CPU_jtag_debug_module_translator_avalon_universal_slave_0_agent"
Info: CPU_jtag_debug_module_translator_avalon_universal_slave_0_agent_rsp_fifo: "cpu" instantiated altera_avalon_sc_fifo "CPU_jtag_debug_module_translator_avalon_universal_slave_0_agent_rsp_fifo"
Info: addr_router: "cpu" instantiated altera_merlin_router "addr_router"
Info: addr_router_001: "cpu" instantiated altera_merlin_router "addr_router_001"
Info: id_router: "cpu" instantiated altera_merlin_router "id_router"
Info: id_router_001: "cpu" instantiated altera_merlin_router "id_router_001"
Info: id_router_007: "cpu" instantiated altera_merlin_router "id_router_007"
Info: limiter: "cpu" instantiated altera_merlin_traffic_limiter "limiter"
Info: burst_adapter: "cpu" instantiated altera_merlin_burst_adapter "burst_adapter"
Info: rst_controller: "cpu" instantiated altera_reset_controller "rst_controller"
Info: cmd_xbar_demux: "cpu" instantiated altera_merlin_demultiplexer "cmd_xbar_demux"
Info: cmd_xbar_demux_001: "cpu" instantiated altera_merlin_demultiplexer "cmd_xbar_demux_001"
Info: cmd_xbar_mux: "cpu" instantiated altera_merlin_multiplexer "cmd_xbar_mux"
Info: rsp_xbar_demux: "cpu" instantiated altera_merlin_demultiplexer "rsp_xbar_demux"
Info: rsp_xbar_demux_007: "cpu" instantiated altera_merlin_demultiplexer "rsp_xbar_demux_007"
Info: rsp_xbar_mux: "cpu" instantiated altera_merlin_multiplexer "rsp_xbar_mux"
Info: Reusing file Z:/Downloads/SBQ/sopc/cpu/synthesis/submodules/altera_merlin_arbitrator.sv
Info: rsp_xbar_mux_001: "cpu" instantiated altera_merlin_multiplexer "rsp_xbar_mux_001"
Info: Reusing file Z:/Downloads/SBQ/sopc/cpu/synthesis/submodules/altera_merlin_arbitrator.sv
Info: width_adapter: "cpu" instantiated altera_merlin_width_adapter "width_adapter"
Info: Reusing file Z:/Downloads/SBQ/sopc/cpu/synthesis/submodules/altera_merlin_address_alignment.sv
Info: Reusing file Z:/Downloads/SBQ/sopc/cpu/synthesis/submodules/altera_merlin_burst_uncompressor.sv
Info: irq_mapper: "cpu" instantiated altera_irq_mapper "irq_mapper"
Info: cpu: Done cpu" with 31 modules, 176 files, 3756780 bytes
Info: ip-generate succeeded.
Info: Finished: Create HDL design files for synthesis
